<?xml version="1.0" encoding="UTF-8"?>
<!-- Generated by org.testng.reporters.JUnitReportReporter -->
<testsuite hostname="INLN50861635A" name="com.sap.testingSuite.TestCase" tests="1" failures="0" timestamp="17 Feb 2016 18:27:08 GMT" time="18.623" errors="0">
  <testcase name="f" time="18.623" classname="com.sap.testingSuite.TestCase"/>
</testsuite> <!-- com.sap.testingSuite.TestCase -->
