<?xml version="1.0" encoding="UTF-8"?>
<!-- Generated by org.testng.reporters.JUnitReportReporter -->
<testsuite hostname="INLN50861635A" name="com.sap.solman.automationFramework.TestSuiteMain" tests="1" failures="0" timestamp="25 Mar 2016 17:26:53 GMT" time="205.575" errors="0">
  <testcase name="main" time="205.575" classname="com.sap.solman.automationFramework.TestSuiteMain"/>
</testsuite> <!-- com.sap.solman.automationFramework.TestSuiteMain -->
